<?xml version="1.0" encoding="UTF-8"?>
<!-- Generated by org.testng.reporters.JUnitReportReporter -->
<testsuite hostname="DESKTOP-KHFPL78" failures="0" tests="1" name="helper.TestingDemo" time="1.332" errors="0" timestamp="2025-03-03T03:18:19 PST" skipped="0">
  <testcase classname="helper.TestingDemo" name="testdata" time="1.332"/>
</testsuite> <!-- helper.TestingDemo -->
