<?xml version="1.0" encoding="UTF-8"?>
<!-- Generated by org.testng.reporters.JUnitReportReporter -->
<testsuite hostname="DESKTOP-KHFPL78" failures="0" tests="5" name="testcases.Verifypage1" time="23.145" errors="0" timestamp="2025-03-07T23:21:14 PST" skipped="0">
  <testcase classname="testcases.Verifypage1" name="loginTc" time="4.182"/>
  <testcase classname="testcases.Verifypage1" name="loginTc" time="5.423"/>
  <testcase classname="testcases.Verifypage1" name="loginTc" time="4.219"/>
  <testcase classname="testcases.Verifypage1" name="loginTc" time="4.509"/>
  <testcase classname="testcases.Verifypage1" name="loginTc" time="4.812"/>
</testsuite> <!-- testcases.Verifypage1 -->
