<?xml version="1.0" encoding="UTF-8"?>
<!-- Generated by org.testng.reporters.JUnitReportReporter -->
<testsuite hostname="DESKTOP-KHFPL78" failures="0" tests="1" name="newwwfile.wipro.TestingDemo" time="1.501" errors="0" timestamp="2025-03-02T22:33:00 PST" skipped="0">
  <testcase classname="newwwfile.wipro.TestingDemo" name="testdata" time="1.501"/>
</testsuite> <!-- newwwfile.wipro.TestingDemo -->
