<?xml version="1.0" encoding="UTF-8"?>
<!-- Generated by org.testng.reporters.JUnitReportReporter -->
<testsuite hostname="DESKTOP-KHFPL78" failures="0" tests="1" name="mar_2.TestingDemo" time="1.394" errors="0" timestamp="2025-03-02T21:20:02 PST" skipped="0">
  <testcase classname="mar_2.TestingDemo" name="testdata" time="1.394"/>
</testsuite> <!-- mar_2.TestingDemo -->
