<?xml version="1.0" encoding="UTF-8"?>
<!-- Generated by org.testng.reporters.JUnitReportReporter -->
<testsuite hostname="DESKTOP-KHFPL78" failures="0" tests="5" name="testcases.Exper" time="21.760" errors="0" timestamp="2025-03-03T02:50:44 PST" skipped="0">
  <testcase classname="testcases.Exper" name="loginTc" time="7.038"/>
  <testcase classname="testcases.Exper" name="loginTc" time="3.520"/>
  <testcase classname="testcases.Exper" name="loginTc" time="3.591"/>
  <testcase classname="testcases.Exper" name="loginTc" time="3.813"/>
  <testcase classname="testcases.Exper" name="loginTc" time="3.798"/>
</testsuite> <!-- testcases.Exper -->
