<?xml version="1.0" encoding="UTF-8"?>
<!-- Generated by org.testng.reporters.JUnitReportReporter -->
<testsuite hostname="DESKTOP-KHFPL78" failures="0" tests="1" name="Feb_28.LaunchDemo" time="4.577" errors="0" timestamp="2025-02-27T22:02:58 PST" skipped="0">
  <testcase classname="Feb_28.LaunchDemo" name="loginTc" time="4.577"/>
</testsuite> <!-- Feb_28.LaunchDemo -->
