<?xml version="1.0" encoding="UTF-8"?>
<!-- Generated by org.testng.reporters.JUnitReportReporter -->
<testsuite hostname="DESKTOP-KHFPL78" failures="0" tests="1" name="Feb_26.AlertDemo" time="12.910" errors="0" timestamp="2025-02-26T01:06:46 PST" skipped="0">
  <testcase classname="Feb_26.AlertDemo" name="webAlert" time="12.910"/>
</testsuite> <!-- Feb_26.AlertDemo -->
