<?xml version="1.0" encoding="UTF-8"?>
<!-- Generated by org.testng.reporters.JUnitReportReporter -->
<testsuite hostname="DESKTOP-KHFPL78" failures="0" tests="2" name="Feb_28.Two" time="10.034" errors="0" timestamp="2025-02-27T23:08:06 PST" skipped="0">
  <testcase classname="Feb_28.Two" name="loginTc" time="4.783"/>
  <testcase classname="Feb_28.Two" name="accountTc" time="5.251"/>
</testsuite> <!-- Feb_28.Two -->
