<?xml version="1.0" encoding="UTF-8"?>
<!-- Generated by org.testng.reporters.JUnitReportReporter -->
<testsuite hostname="DESKTOP-KHFPL78" failures="0" tests="6" name="Feb_28.DataProviderDemo" time="0.043" errors="0" timestamp="2025-02-28T20:27:38 PST" skipped="0">
  <testcase classname="Feb_28.DataProviderDemo" name="f" time="0.017"/>
  <testcase classname="Feb_28.DataProviderDemo" name="f2" time="0.005"/>
  <testcase classname="Feb_28.DataProviderDemo" name="f2" time="0.002"/>
  <testcase classname="Feb_28.DataProviderDemo" name="f" time="0.009"/>
  <testcase classname="Feb_28.DataProviderDemo" name="f2" time="0.008"/>
  <testcase classname="Feb_28.DataProviderDemo" name="f2" time="0.002"/>
</testsuite> <!-- Feb_28.DataProviderDemo -->
