<?xml version="1.0" encoding="UTF-8"?>
<!-- Generated by org.testng.reporters.JUnitReportReporter -->
<testsuite hostname="DESKTOP-KHFPL78" failures="0" tests="2" name="Feb_28.ModifiedDemo" time="9.624" errors="0" timestamp="2025-02-27T23:26:03 PST" skipped="0">
  <testcase classname="Feb_28.ModifiedDemo" name="loginTc" time="3.676"/>
  <testcase classname="Feb_28.ModifiedDemo" name="accountTc" time="5.948"/>
</testsuite> <!-- Feb_28.ModifiedDemo -->
