<?xml version="1.0" encoding="UTF-8"?>
<!-- Generated by org.testng.reporters.JUnitReportReporter -->
<testsuite hostname="DESKTOP-KHFPL78" failures="0" tests="3" name="Feb_28.ParallelDemo" time="0.089" errors="0" timestamp="2025-02-28T01:34:48 PST" skipped="0">
  <testcase classname="Feb_28.ParallelDemo" name="B" time="0.031"/>
  <testcase classname="Feb_28.ParallelDemo" name="A" time="0.028"/>
  <testcase classname="Feb_28.ParallelDemo" name="C" time="0.030"/>
</testsuite> <!-- Feb_28.ParallelDemo -->
