<?xml version="1.0" encoding="UTF-8"?>
<!-- Generated by org.testng.reporters.JUnitReportReporter -->
<testsuite hostname="DESKTOP-KHFPL78" failures="0" tests="1" name="Feb_28.GroupsDemo" time="0.020" errors="0" timestamp="2025-02-28T01:26:04 PST" skipped="0">
  <testcase classname="Feb_28.GroupsDemo" name="D" time="0.020"/>
</testsuite> <!-- Feb_28.GroupsDemo -->
