<?xml version="1.0" encoding="UTF-8"?>
<!-- Generated by org.testng.reporters.JUnitReportReporter -->
<testsuite hostname="DESKTOP-KHFPL78" failures="0" tests="1" name="Feb_26.App" time="8.313" errors="0" timestamp="2025-02-25T21:58:19 PST" skipped="0">
  <testcase classname="Feb_26.App" name="calender" time="8.313"/>
</testsuite> <!-- Feb_26.App -->
