<?xml version="1.0" encoding="UTF-8"?>
<!-- Generated by org.testng.reporters.JUnitReportReporter -->
<testsuite hostname="DESKTOP-KHFPL78" failures="0" tests="1" name="Feb_26.WindowAlertDemo" time="12.910" errors="0" timestamp="2025-02-26T02:39:52 PST" skipped="0">
  <testcase classname="Feb_26.WindowAlertDemo" name="windowAlert" time="12.910"/>
</testsuite> <!-- Feb_26.WindowAlertDemo -->
