<?xml version="1.0" encoding="UTF-8"?>
<!-- Generated by org.testng.reporters.JUnitReportReporter -->
<testsuite hostname="DESKTOP-KHFPL78" failures="0" tests="1" name="Feb_25.Demoo" time="5.333" errors="0" timestamp="2025-02-25T21:09:37 PST" skipped="0">
  <testcase classname="Feb_25.Demoo" name="verifyScrenn" time="5.333"/>
</testsuite> <!-- Feb_25.Demoo -->
