<?xml version="1.0" encoding="UTF-8"?>
<!-- Generated by org.testng.reporters.JUnitReportReporter -->
<testsuite hostname="DESKTOP-KHFPL78" failures="0" tests="1" name="Feb_27.FacebookDemo" time="6.165" errors="0" timestamp="2025-02-26T23:26:21 PST" skipped="0">
  <testcase classname="Feb_27.FacebookDemo" name="facebooktest" time="6.165"/>
</testsuite> <!-- Feb_27.FacebookDemo -->
