<?xml version="1.0" encoding="UTF-8"?>
<!-- Generated by org.testng.reporters.JUnitReportReporter -->
<testsuite hostname="DESKTOP-KHFPL78" failures="0" tests="1" name="Feb_26.App2" time="15.979" errors="0" timestamp="2025-02-25T23:36:01 PST" skipped="0">
  <testcase classname="Feb_26.App2" name="calender" time="15.979"/>
</testsuite> <!-- Feb_26.App2 -->
